<?xml version="1.0" encoding="UTF-8"?>
<testsuite xmlns:xsi="http://www.w3.org/2001/XMLSchema-instance" xsi:noNamespaceSchemaLocation="https://maven.apache.org/surefire/maven-failsafe-plugin/xsd/failsafe-test-report-3.0.xsd" version="3.0" name="com.bank.BankingIntegrationIT" time="0.104" tests="7" errors="0" skipped="0" failures="0">
  <properties>
[...]
</properties>
  <testcase name="processorHandlesDebitCorrectly" classname="com.bank.BankingIntegrationIT" time="0.05"/>
  <testcase name="processorFlagsHighValueTransfer" classname="com.bank.BankingIntegrationIT" time="0.004"/>
  <testcase name="endToEndBankingFlow" classname="com.bank.BankingIntegrationIT" time="0.016"/>
  <testcase name="bankServiceCalculatesTotalAmount" classname="com.bank.BankingIntegrationIT" time="0.002"/>
  <testcase name="customerValidationIntegratesWithRecordConstructor" classname="com.bank.BankingIntegrationIT" time="0.002"/>
  <testcase name="processorHandlesCreditCorrectly" classname="com.bank.BankingIntegrationIT" time="0.001"/>
  <testcase name="bankServiceProcessesAllTransactionsConcurrently" classname="com.bank.BankingIntegrationIT" time="0.001"/>
</testsuite>