<?xml version="1.0" encoding="UTF-8"?>
<testsuite xmlns:xsi="http://www.w3.org/2001/XMLSchema-instance" xsi:noNamespaceSchemaLocation="https://maven.apache.org/surefire/maven-surefire-plugin/xsd/surefire-test-report.xsd" version="3.0.2" name="Junit.Demo01_Basic_UnitTest" time="0.09" tests="2" errors="0" skipped="0" failures="0">
  <properties>
[...]
</properties>
  <testcase name="testAddition" classname="Junit.Demo01_Basic_UnitTest" time="0.049"/>
  <testcase name="testAdditionFail" classname="Junit.Demo01_Basic_UnitTest" time="0.003"/>
</testsuite>